2025-11-08 20:24:17 [main] INFO  c.b.a.AccountServiceApplication - Starting AccountServiceApplication using Java 21.0.9 with PID 13372 (/Users/sowmyas/Documents/gitrepo/account-service/target/classes started by sowmyas in /Users/sowmyas/Documents/gitrepo/account-service)
2025-11-08 20:24:17 [main] DEBUG c.b.a.AccountServiceApplication - Running with Spring Boot v3.3.5, Spring v6.1.14
2025-11-08 20:24:17 [main] INFO  c.b.a.AccountServiceApplication - The following 1 profile is active: "local"
2025-11-08 20:24:18 [main] INFO  o.s.d.r.c.RepositoryConfigurationDelegate - Multiple Spring Data modules found, entering strict repository configuration mode
2025-11-08 20:24:18 [main] INFO  o.s.d.r.c.RepositoryConfigurationDelegate - Bootstrapping Spring Data JPA repositories in DEFAULT mode.
2025-11-08 20:24:19 [main] INFO  o.s.d.r.c.RepositoryConfigurationDelegate - Finished Spring Data repository scanning in 255 ms. Found 1 JPA repository interface.
2025-11-08 20:24:19 [main] INFO  o.s.d.r.c.RepositoryConfigurationDelegate - Multiple Spring Data modules found, entering strict repository configuration mode
2025-11-08 20:24:19 [main] INFO  o.s.d.r.c.RepositoryConfigurationDelegate - Bootstrapping Spring Data Redis repositories in DEFAULT mode.
2025-11-08 20:24:19 [main] INFO  o.s.d.r.c.RepositoryConfigurationExtensionSupport - Spring Data Redis - Could not safely identify store assignment for repository candidate interface com.banking.account.repository.AccountRepository; If you want this repository to be a Redis repository, consider annotating your entities with one of these annotations: org.springframework.data.redis.core.RedisHash (preferred), or consider extending one of the following types with your repository: org.springframework.data.keyvalue.repository.KeyValueRepository
2025-11-08 20:24:19 [main] INFO  o.s.d.r.c.RepositoryConfigurationDelegate - Finished Spring Data repository scanning in 13 ms. Found 0 Redis repository interfaces.
2025-11-08 20:24:20 [main] INFO  o.s.b.w.e.tomcat.TomcatWebServer - Tomcat initialized with port 9133 (http)
2025-11-08 20:24:20 [main] INFO  o.a.catalina.core.StandardService - Starting service [Tomcat]
2025-11-08 20:24:20 [main] INFO  o.a.catalina.core.StandardEngine - Starting Servlet engine: [Apache Tomcat/10.1.31]
2025-11-08 20:24:20 [main] INFO  o.a.c.c.C.[Tomcat].[localhost].[/] - Initializing Spring embedded WebApplicationContext
2025-11-08 20:24:20 [main] INFO  o.s.b.w.s.c.ServletWebServerApplicationContext - Root WebApplicationContext: initialization completed in 3004 ms
2025-11-08 20:24:20 [main] INFO  com.zaxxer.hikari.HikariDataSource - AccountServiceHikariCP - Starting...
2025-11-08 20:24:20 [main] INFO  com.zaxxer.hikari.pool.HikariPool - AccountServiceHikariCP - Added connection org.postgresql.jdbc.PgConnection@3407aa4f
2025-11-08 20:24:20 [main] INFO  com.zaxxer.hikari.HikariDataSource - AccountServiceHikariCP - Start completed.
2025-11-08 20:24:20 [main] INFO  liquibase.database - Set default schema name to public
2025-11-08 20:24:21 [main] INFO  liquibase.changelog - Reading from public.databasechangelog
2025-11-08 20:24:21 [main] INFO  liquibase.ui - Database is up to date, no changesets to execute
2025-11-08 20:24:21 [main] INFO  liquibase.changelog - Reading from public.databasechangelog
2025-11-08 20:24:21 [main] INFO  liquibase.util - UPDATE SUMMARY
2025-11-08 20:24:21 [main] INFO  liquibase.util - Run:                          0
2025-11-08 20:24:21 [main] INFO  liquibase.util - Previously run:               3
2025-11-08 20:24:21 [main] INFO  liquibase.util - Filtered out:                 0
2025-11-08 20:24:21 [main] INFO  liquibase.util - -------------------------------
2025-11-08 20:24:21 [main] INFO  liquibase.util - Total change sets:            3
2025-11-08 20:24:21 [main] INFO  liquibase.util - Update summary generated
2025-11-08 20:24:21 [main] INFO  liquibase.lockservice - Successfully released change log lock
2025-11-08 20:24:21 [main] INFO  liquibase.command - Command execution complete
2025-11-08 20:24:21 [main] INFO  o.h.jpa.internal.util.LogHelper - HHH000204: Processing PersistenceUnitInfo [name: default]
2025-11-08 20:24:21 [main] INFO  org.hibernate.Version - HHH000412: Hibernate ORM core version 6.5.3.Final
2025-11-08 20:24:21 [main] INFO  o.h.c.i.RegionFactoryInitiator - HHH000026: Second-level cache disabled
2025-11-08 20:24:22 [main] INFO  o.s.o.j.p.SpringPersistenceUnitInfo - No LoadTimeWeaver setup: ignoring JPA class transformer
2025-11-08 20:24:22 [main] WARN  org.hibernate.orm.deprecation - HHH90000025: PostgreSQLDialect does not need to be specified explicitly using 'hibernate.dialect' (remove the property setting and it will be selected by default)
2025-11-08 20:24:22 [main] INFO  o.h.e.t.j.p.i.JtaPlatformInitiator - HHH000489: No JTA platform available (set 'hibernate.transaction.jta.platform' to enable JTA platform integration)
2025-11-08 20:24:23 [main] INFO  o.s.o.j.LocalContainerEntityManagerFactoryBean - Initialized JPA EntityManagerFactory for persistence unit 'default'
2025-11-08 20:24:23 [main] INFO  o.s.d.j.r.query.QueryEnhancerFactory - Hibernate is in classpath; If applicable, HQL parser will be used.
2025-11-08 20:24:23 [main] DEBUG o.s.w.s.m.m.a.RequestMappingHandlerMapping - 12 mappings in 'requestMappingHandlerMapping'
2025-11-08 20:24:23 [main] DEBUG o.s.w.s.h.SimpleUrlHandlerMapping - Patterns [/webjars/**, /**, /swagger-ui*/*swagger-initializer.js, /swagger-ui*/**] in 'resourceHandlerMapping'
2025-11-08 20:24:23 [main] DEBUG o.s.w.s.m.m.a.RequestMappingHandlerAdapter - ControllerAdvice beans: 0 @ModelAttribute, 0 @InitBinder, 1 RequestBodyAdvice, 1 ResponseBodyAdvice
2025-11-08 20:24:23 [main] DEBUG o.s.w.s.m.m.a.ExceptionHandlerExceptionResolver - ControllerAdvice beans: 2 @ExceptionHandler, 1 ResponseBodyAdvice
2025-11-08 20:24:24 [main] INFO  o.a.k.c.admin.AdminClientConfig - AdminClientConfig values: 
	auto.include.jmx.reporter = true
	bootstrap.controllers = []
	bootstrap.servers = [localhost:9092]
	client.dns.lookup = use_all_dns_ips
	client.id = account-service-admin-0
	connections.max.idle.ms = 300000
	default.api.timeout.ms = 60000
	enable.metrics.push = true
	metadata.max.age.ms = 300000
	metric.reporters = []
	metrics.num.samples = 2
	metrics.recording.level = INFO
	metrics.sample.window.ms = 30000
	receive.buffer.bytes = 65536
	reconnect.backoff.max.ms = 1000
	reconnect.backoff.ms = 50
	request.timeout.ms = 30000
	retries = 2147483647
	retry.backoff.max.ms = 1000
	retry.backoff.ms = 100
	sasl.client.callback.handler.class = null
	sasl.jaas.config = null
	sasl.kerberos.kinit.cmd = /usr/bin/kinit
	sasl.kerberos.min.time.before.relogin = 60000
	sasl.kerberos.service.name = null
	sasl.kerberos.ticket.renew.jitter = 0.05
	sasl.kerberos.ticket.renew.window.factor = 0.8
	sasl.login.callback.handler.class = null
	sasl.login.class = null
	sasl.login.connect.timeout.ms = null
	sasl.login.read.timeout.ms = null
	sasl.login.refresh.buffer.seconds = 300
	sasl.login.refresh.min.period.seconds = 60
	sasl.login.refresh.window.factor = 0.8
	sasl.login.refresh.window.jitter = 0.05
	sasl.login.retry.backoff.max.ms = 10000
	sasl.login.retry.backoff.ms = 100
	sasl.mechanism = GSSAPI
	sasl.oauthbearer.clock.skew.seconds = 30
	sasl.oauthbearer.expected.audience = null
	sasl.oauthbearer.expected.issuer = null
	sasl.oauthbearer.jwks.endpoint.refresh.ms = 3600000
	sasl.oauthbearer.jwks.endpoint.retry.backoff.max.ms = 10000
	sasl.oauthbearer.jwks.endpoint.retry.backoff.ms = 100
	sasl.oauthbearer.jwks.endpoint.url = null
	sasl.oauthbearer.scope.claim.name = scope
	sasl.oauthbearer.sub.claim.name = sub
	sasl.oauthbearer.token.endpoint.url = null
	security.protocol = PLAINTEXT
	security.providers = null
	send.buffer.bytes = 131072
	socket.connection.setup.timeout.max.ms = 30000
	socket.connection.setup.timeout.ms = 10000
	ssl.cipher.suites = null
	ssl.enabled.protocols = [TLSv1.2, TLSv1.3]
	ssl.endpoint.identification.algorithm = https
	ssl.engine.factory.class = null
	ssl.key.password = null
	ssl.keymanager.algorithm = SunX509
	ssl.keystore.certificate.chain = null
	ssl.keystore.key = null
	ssl.keystore.location = null
	ssl.keystore.password = null
	ssl.keystore.type = JKS
	ssl.protocol = TLSv1.3
	ssl.provider = null
	ssl.secure.random.implementation = null
	ssl.trustmanager.algorithm = PKIX
	ssl.truststore.certificates = null
	ssl.truststore.location = null
	ssl.truststore.password = null
	ssl.truststore.type = JKS

2025-11-08 20:24:24 [main] INFO  o.a.kafka.common.utils.AppInfoParser - Kafka version: 3.7.1
2025-11-08 20:24:24 [main] INFO  o.a.kafka.common.utils.AppInfoParser - Kafka commitId: e2494e6ffb89f828
2025-11-08 20:24:24 [main] INFO  o.a.kafka.common.utils.AppInfoParser - Kafka startTimeMs: 1762613664652
2025-11-08 20:24:24 [kafka-admin-client-thread | account-service-admin-0] INFO  o.a.kafka.common.utils.AppInfoParser - App info kafka.admin.client for account-service-admin-0 unregistered
2025-11-08 20:24:24 [kafka-admin-client-thread | account-service-admin-0] INFO  o.a.kafka.common.metrics.Metrics - Metrics scheduler closed
2025-11-08 20:24:24 [kafka-admin-client-thread | account-service-admin-0] INFO  o.a.kafka.common.metrics.Metrics - Closing reporter org.apache.kafka.common.metrics.JmxReporter
2025-11-08 20:24:24 [kafka-admin-client-thread | account-service-admin-0] INFO  o.a.kafka.common.metrics.Metrics - Metrics reporters closed
2025-11-08 20:24:24 [main] INFO  o.s.b.w.e.tomcat.TomcatWebServer - Tomcat started on port 9133 (http) with context path '/'
2025-11-08 20:24:24 [main] INFO  c.b.a.AccountServiceApplication - Started AccountServiceApplication in 8.159 seconds (process running for 8.554)
2025-11-08 20:24:28 [SpringApplicationShutdownHook] INFO  o.s.o.j.LocalContainerEntityManagerFactoryBean - Closing JPA EntityManagerFactory for persistence unit 'default'
2025-11-08 20:24:28 [SpringApplicationShutdownHook] INFO  com.zaxxer.hikari.HikariDataSource - AccountServiceHikariCP - Shutdown initiated...
2025-11-08 20:24:28 [SpringApplicationShutdownHook] INFO  com.zaxxer.hikari.HikariDataSource - AccountServiceHikariCP - Shutdown completed.
